<?xml version="1.0" encoding="UTF-8"?>
<!-- Generated by org.testng.reporters.JUnitReportReporter -->
<testsuite hostname="Hari-PC" name="org.samox.SampleTest" tests="1" failures="0" timestamp="27 Jun 2019 09:25:31 GMT" time="0.519" errors="0">
  <testcase name="test1" time="0.519" classname="org.samox.SampleTest"/>
</testsuite> <!-- org.samox.SampleTest -->
